<?xml version="1.0" encoding="UTF-8"?>
<testsuite xmlns:xsi="http://www.w3.org/2001/XMLSchema-instance" xsi:noNamespaceSchemaLocation="https://maven.apache.org/surefire/maven-surefire-plugin/xsd/surefire-test-report-3.0.xsd" version="3.0" name="com.ndhphuc.motngaythu6.Motngaythu6ApplicationTests" time="5.79" tests="1" errors="0" skipped="0" failures="0">
  <properties>
[...]
</properties>
  <testcase name="contextLoads" classname="com.ndhphuc.motngaythu6.Motngaythu6ApplicationTests" time="0.388">
    <system-out><![CDATA[Standard Commons Logging discovery in action with spring-jcl: please remove commons-logging.jar from classpath in order to avoid potential conflicts
17:34:15.092 [main] INFO org.springframework.test.context.support.AnnotationConfigContextLoaderUtils -- Could not detect default configuration classes for test class [com.ndhphuc.motngaythu6.Motngaythu6ApplicationTests]: Motngaythu6ApplicationTests does not declare any static, non-private, non-final, nested classes annotated with @Configuration.
17:34:15.174 [main] INFO org.springframework.boot.test.context.SpringBootTestContextBootstrapper -- Found @SpringBootConfiguration com.ndhphuc.motngaythu6.Motngaythu6Application for test class com.ndhphuc.motngaythu6.Motngaythu6ApplicationTests

  .   ____          _            __ _ _
 /\\ / ___'_ __ _ _(_)_ __  __ _ \ \ \ \
( ( )\___ | '_ | '_| | '_ \/ _` | \ \ \ \
 \\/  ___)| |_)| | | | | || (_| |  ) ) ) )
  '  |____| .__|_| |_|_| |_\__, | / / / /
 =========|_|==============|___/=/_/_/_/
 :: Spring Boot ::                (v3.1.4)

2023-10-09T17:34:15.475+07:00  INFO 15488 --- [           main] c.n.m.Motngaythu6ApplicationTests        : Starting Motngaythu6ApplicationTests using Java 17.0.8 with PID 15488 (started by Hii in D:\ndhphuc\Java\motngaythu6)
2023-10-09T17:34:15.476+07:00  INFO 15488 --- [           main] c.n.m.Motngaythu6ApplicationTests        : No active profile set, falling back to 1 default profile: "default"
2023-10-09T17:34:16.009+07:00  INFO 15488 --- [           main] .s.d.r.c.RepositoryConfigurationDelegate : Bootstrapping Spring Data JPA repositories in DEFAULT mode.
2023-10-09T17:34:16.060+07:00  INFO 15488 --- [           main] .s.d.r.c.RepositoryConfigurationDelegate : Finished Spring Data repository scanning in 44 ms. Found 5 JPA repository interfaces.
2023-10-09T17:34:16.496+07:00  INFO 15488 --- [           main] o.hibernate.jpa.internal.util.LogHelper  : HHH000204: Processing PersistenceUnitInfo [name: default]
2023-10-09T17:34:16.535+07:00  INFO 15488 --- [           main] org.hibernate.Version                    : HHH000412: Hibernate ORM core version 6.2.9.Final
2023-10-09T17:34:16.538+07:00  INFO 15488 --- [           main] org.hibernate.cfg.Environment            : HHH000406: Using bytecode reflection optimizer
2023-10-09T17:34:16.702+07:00  INFO 15488 --- [           main] o.h.b.i.BytecodeProviderInitiator        : HHH000021: Bytecode provider name : bytebuddy
2023-10-09T17:34:16.807+07:00  INFO 15488 --- [           main] o.s.o.j.p.SpringPersistenceUnitInfo      : No LoadTimeWeaver setup: ignoring JPA class transformer
2023-10-09T17:34:16.821+07:00  INFO 15488 --- [           main] com.zaxxer.hikari.HikariDataSource       : HikariPool-1 - Starting...
2023-10-09T17:34:17.746+07:00  INFO 15488 --- [           main] com.zaxxer.hikari.pool.HikariPool        : HikariPool-1 - Added connection org.postgresql.jdbc.PgConnection@39acd1f1
2023-10-09T17:34:17.749+07:00  INFO 15488 --- [           main] com.zaxxer.hikari.HikariDataSource       : HikariPool-1 - Start completed.
2023-10-09T17:34:18.150+07:00  INFO 15488 --- [           main] o.h.b.i.BytecodeProviderInitiator        : HHH000021: Bytecode provider name : bytebuddy
2023-10-09T17:34:18.642+07:00  INFO 15488 --- [           main] o.h.e.t.j.p.i.JtaPlatformInitiator       : HHH000490: Using JtaPlatform implementation: [org.hibernate.engine.transaction.jta.platform.internal.NoJtaPlatform]
2023-10-09T17:34:19.240+07:00  INFO 15488 --- [           main] j.LocalContainerEntityManagerFactoryBean : Initialized JPA EntityManagerFactory for persistence unit 'default'
2023-10-09T17:34:19.525+07:00  INFO 15488 --- [           main] o.s.d.j.r.query.QueryEnhancerFactory     : Hibernate is in classpath; If applicable, HQL parser will be used.
2023-10-09T17:34:19.791+07:00  WARN 15488 --- [           main] JpaBaseConfiguration$JpaWebConfiguration : spring.jpa.open-in-view is enabled by default. Therefore, database queries may be performed during view rendering. Explicitly configure spring.jpa.open-in-view to disable this warning
2023-10-09T17:34:19.879+07:00  INFO 15488 --- [           main] o.s.s.web.DefaultSecurityFilterChain     : Will secure any request with [org.springframework.security.web.session.DisableEncodeUrlFilter@2f16c21f, org.springframework.security.web.context.request.async.WebAsyncManagerIntegrationFilter@2314f013, org.springframework.security.web.context.SecurityContextHolderFilter@6e669b5c, org.springframework.security.web.header.HeaderWriterFilter@1978eab7, org.springframework.web.filter.CorsFilter@4c682826, org.springframework.security.web.authentication.logout.LogoutFilter@360d0c7a, com.ndhphuc.motngaythu6.config.jwt.AuthTokenFilter@23169374, org.springframework.security.web.savedrequest.RequestCacheAwareFilter@125c03d3, org.springframework.security.web.servletapi.SecurityContextHolderAwareRequestFilter@24f8707c, org.springframework.security.web.authentication.AnonymousAuthenticationFilter@72ae1007, org.springframework.security.web.session.SessionManagementFilter@6c502018, org.springframework.security.web.access.ExceptionTranslationFilter@26fc464f, org.springframework.security.web.access.intercept.AuthorizationFilter@80081d7]
2023-10-09T17:34:20.341+07:00  INFO 15488 --- [           main] c.n.m.Motngaythu6ApplicationTests        : Started Motngaythu6ApplicationTests in 5.042 seconds (process running for 5.837)
]]></system-out>
  </testcase>
</testsuite>